<?xml version="1.0" encoding="UTF-8"?>
<!-- Generated by org.testng.reporters.JUnitReportReporter -->
<testsuite skipped="0" hostname="Olenas-MacBook-Pro.local" name="scripts.TechGlobalLoginFormTest" tests="12" failures="0" timestamp="2023-01-23T13:29:54 CST" time="153.268" errors="0">
  <testcase name="validateLoginForm" time="11.150" classname="scripts.TechGlobalLoginFormTest"/>
  <system-out/>
  <testcase name="validateUsername" time="11.012" classname="scripts.TechGlobalLoginFormTest"/>
  <system-out/>
  <testcase name="validatePassword" time="11.220" classname="scripts.TechGlobalLoginFormTest"/>
  <system-out/>
  <testcase name="validateLoginButton" time="11.931" classname="scripts.TechGlobalLoginFormTest"/>
  <system-out/>
  <testcase name="validateForgotPassword" time="13.708" classname="scripts.TechGlobalLoginFormTest"/>
  <system-out/>
  <testcase name="validateLoginWithCorrectCredentials" time="13.626" classname="scripts.TechGlobalLoginFormTest"/>
  <system-out/>
  <testcase name="validateLoginAndLogoutWithValidCredentials" time="13.998" classname="scripts.TechGlobalLoginFormTest"/>
  <system-out/>
  <testcase name="validateForgotPasswordLink" time="11.381" classname="scripts.TechGlobalLoginFormTest"/>
  <system-out/>
  <testcase name="validateLinkToResetPasswordHasBeenSentToEmail" time="13.002" classname="scripts.TechGlobalLoginFormTest"/>
  <system-out/>
  <testcase name="validateLoginWithInvalidUsername" time="15.445" classname="scripts.TechGlobalLoginFormTest"/>
  <system-out/>
  <testcase name="validateLoginWithInvalidPassword" time="13.650" classname="scripts.TechGlobalLoginFormTest"/>
  <system-out/>
  <testcase name="validateLoginWithBothInvalidCredentials" time="13.145" classname="scripts.TechGlobalLoginFormTest"/>
  <system-out/>
</testsuite> <!-- scripts.TechGlobalLoginFormTest -->
